{"/home/weslley/Documents/integrative-project-backend/src/data-source.ts": {"path":"/home/weslley/Documents/integrative-project-backend/src/data-source.ts","statementMap":{"0":{"start":{"line":1,"column":0},"end":{"line":1,"column":23}},"1":{"start":{"line":2,"column":0},"end":{"line":2,"column":26}},"2":{"start":{"line":3,"column":0},"end":{"line":3,"column":37}},"3":{"start":{"line":5,"column":13},"end":{"line":5,"column":54}},"4":{"start":{"line":7,"column":13},"end":{"line":20,"column":3}}},"fnMap":{},"branchMap":{},"s":{"0":3,"1":3,"2":3,"3":3,"4":3},"f":{},"b":{}}
,"/home/weslley/Documents/integrative-project-backend/src/index.ts": {"path":"/home/weslley/Documents/integrative-project-backend/src/index.ts","statementMap":{"0":{"start":{"line":1,"column":0},"end":{"line":1,"column":30}},"1":{"start":{"line":2,"column":0},"end":{"line":2,"column":46}},"2":{"start":{"line":3,"column":0},"end":{"line":3,"column":34}},"3":{"start":{"line":5,"column":11},"end":{"line":5,"column":26}},"4":{"start":{"line":7,"column":0},"end":{"line":14,"column":3}},"5":{"start":{"line":8,"column":14},"end":{"line":8,"column":23}},"6":{"start":{"line":9,"column":2},"end":{"line":9,"column":26}},"7":{"start":{"line":10,"column":2},"end":{"line":10,"column":18}},"8":{"start":{"line":11,"column":2},"end":{"line":11,"column":18}},"9":{"start":{"line":13,"column":2},"end":{"line":13,"column":38}}},"fnMap":{"0":{"name":"(anonymous_1)","decl":{"start":{"line":7,"column":32},"end":{"line":7,"column":35}},"loc":{"start":{"line":7,"column":37},"end":{"line":14,"column":1}}}},"branchMap":{},"s":{"0":0,"1":0,"2":0,"3":0,"4":0,"5":0,"6":0,"7":0,"8":0,"9":0},"f":{"0":0},"b":{}}
,"/home/weslley/Documents/integrative-project-backend/src/routes.ts": {"path":"/home/weslley/Documents/integrative-project-backend/src/routes.ts","statementMap":{"0":{"start":{"line":1,"column":0},"end":{"line":1,"column":33}},"1":{"start":{"line":2,"column":0},"end":{"line":2,"column":74}},"2":{"start":{"line":3,"column":0},"end":{"line":3,"column":82}},"3":{"start":{"line":4,"column":0},"end":{"line":4,"column":74}},"4":{"start":{"line":5,"column":0},"end":{"line":5,"column":61}},"5":{"start":{"line":8,"column":13},"end":{"line":8,"column":31}},"6":{"start":{"line":10,"column":0},"end":{"line":11,"column":null}},"7":{"start":{"line":13,"column":0},"end":{"line":14,"column":null}},"8":{"start":{"line":16,"column":0},"end":{"line":16,"column":null}},"9":{"start":{"line":18,"column":0},"end":{"line":19,"column":null}},"10":{"start":{"line":21,"column":0},"end":{"line":23,"column":null}},"11":{"start":{"line":25,"column":0},"end":{"line":27,"column":null}},"12":{"start":{"line":29,"column":0},"end":{"line":31,"column":null}},"13":{"start":{"line":33,"column":0},"end":{"line":36,"column":null}}},"fnMap":{},"branchMap":{},"s":{"0":0,"1":0,"2":0,"3":0,"4":0,"5":0,"6":0,"7":0,"8":0,"9":0,"10":0,"11":0,"12":0,"13":0},"f":{},"b":{}}
,"/home/weslley/Documents/integrative-project-backend/src/domain/enum/scheduleStatus.ts": {"path":"/home/weslley/Documents/integrative-project-backend/src/domain/enum/scheduleStatus.ts","statementMap":{"0":{"start":{"line":1,"column":0},"end":{"line":1,"column":null}},"1":{"start":{"line":2,"column":4},"end":{"line":2,"column":null}},"2":{"start":{"line":3,"column":4},"end":{"line":3,"column":null}},"3":{"start":{"line":4,"column":4},"end":{"line":4,"column":null}},"4":{"start":{"line":5,"column":4},"end":{"line":5,"column":null}}},"fnMap":{"0":{"name":"(anonymous_0)","decl":{"start":{"line":1,"column":0},"end":{"line":1,"column":12}},"loc":{"start":{"line":1,"column":30},"end":{"line":6,"column":1}}}},"branchMap":{"0":{"loc":{"start":{"line":1,"column":12},"end":{"line":1,"column":null}},"type":"binary-expr","locations":[{"start":{"line":1,"column":12},"end":{"line":1,"column":30}},{"start":{"line":1,"column":30},"end":{"line":1,"column":null}}]}},"s":{"0":2,"1":2,"2":2,"3":2,"4":2},"f":{"0":2},"b":{"0":[2,2]}}
,"/home/weslley/Documents/integrative-project-backend/src/domain/enum/userType.ts": {"path":"/home/weslley/Documents/integrative-project-backend/src/domain/enum/userType.ts","statementMap":{"0":{"start":{"line":1,"column":0},"end":{"line":1,"column":null}},"1":{"start":{"line":2,"column":4},"end":{"line":2,"column":null}},"2":{"start":{"line":3,"column":4},"end":{"line":3,"column":null}}},"fnMap":{"0":{"name":"(anonymous_0)","decl":{"start":{"line":1,"column":0},"end":{"line":1,"column":12}},"loc":{"start":{"line":1,"column":24},"end":{"line":4,"column":1}}}},"branchMap":{"0":{"loc":{"start":{"line":1,"column":12},"end":{"line":1,"column":null}},"type":"binary-expr","locations":[{"start":{"line":1,"column":12},"end":{"line":1,"column":24}},{"start":{"line":1,"column":24},"end":{"line":1,"column":null}}]}},"s":{"0":4,"1":4,"2":4},"f":{"0":4},"b":{"0":[4,4]}}
,"/home/weslley/Documents/integrative-project-backend/src/helper/request-errors.ts": {"path":"/home/weslley/Documents/integrative-project-backend/src/helper/request-errors.ts","statementMap":{"0":{"start":{"line":5,"column":4},"end":{"line":5,"column":19}},"1":{"start":{"line":6,"column":4},"end":{"line":6,"column":33}},"2":{"start":{"line":1,"column":0},"end":{"line":1,"column":13}},"3":{"start":{"line":12,"column":4},"end":{"line":12,"column":24}},"4":{"start":{"line":10,"column":0},"end":{"line":10,"column":13}},"5":{"start":{"line":18,"column":6},"end":{"line":18,"column":26}},"6":{"start":{"line":16,"column":0},"end":{"line":16,"column":13}},"7":{"start":{"line":24,"column":6},"end":{"line":24,"column":26}},"8":{"start":{"line":22,"column":2},"end":{"line":22,"column":15}}},"fnMap":{"0":{"name":"(anonymous_0)","decl":{"start":{"line":4,"column":2},"end":{"line":4,"column":14}},"loc":{"start":{"line":4,"column":49},"end":{"line":7,"column":3}}},"1":{"name":"(anonymous_1)","decl":{"start":{"line":11,"column":2},"end":{"line":11,"column":14}},"loc":{"start":{"line":11,"column":29},"end":{"line":13,"column":3}}},"2":{"name":"(anonymous_2)","decl":{"start":{"line":17,"column":4},"end":{"line":17,"column":16}},"loc":{"start":{"line":17,"column":31},"end":{"line":19,"column":5}}},"3":{"name":"(anonymous_3)","decl":{"start":{"line":23,"column":4},"end":{"line":23,"column":16}},"loc":{"start":{"line":23,"column":31},"end":{"line":25,"column":5}}}},"branchMap":{},"s":{"0":0,"1":0,"2":0,"3":0,"4":0,"5":0,"6":0,"7":0,"8":0},"f":{"0":0,"1":0,"2":0,"3":0},"b":{}}
,"/home/weslley/Documents/integrative-project-backend/src/infra/typeorm/entities/room.ts": {"path":"/home/weslley/Documents/integrative-project-backend/src/infra/typeorm/entities/room.ts","statementMap":{"0":{"start":{"line":1,"column":0},"end":{"line":1,"column":65}},"1":{"start":{"line":4,"column":7},"end":{"line":16,"column":null}},"2":{"start":{"line":4,"column":13},"end":{"line":4,"column":17}},"3":{"start":{"line":6,"column":4},"end":{"line":6,"column":null}},"4":{"start":{"line":9,"column":4},"end":{"line":9,"column":null}},"5":{"start":{"line":12,"column":4},"end":{"line":12,"column":null}},"6":{"start":{"line":15,"column":4},"end":{"line":15,"column":null}},"7":{"start":{"line":14,"column":29},"end":{"line":14,"column":48}},"8":{"start":{"line":4,"column":13},"end":{"line":16,"column":null}}},"fnMap":{"0":{"name":"(anonymous_2)","decl":{"start":{"line":14,"column":23},"end":{"line":14,"column":26}},"loc":{"start":{"line":14,"column":29},"end":{"line":14,"column":48}}}},"branchMap":{},"s":{"0":4,"1":4,"2":4,"3":4,"4":4,"5":4,"6":4,"7":0,"8":4},"f":{"0":0},"b":{}}
,"/home/weslley/Documents/integrative-project-backend/src/infra/typeorm/entities/schedule.ts": {"path":"/home/weslley/Documents/integrative-project-backend/src/infra/typeorm/entities/schedule.ts","statementMap":{"0":{"start":{"line":1,"column":0},"end":{"line":1,"column":88}},"1":{"start":{"line":2,"column":0},"end":{"line":2,"column":30}},"2":{"start":{"line":3,"column":0},"end":{"line":3,"column":30}},"3":{"start":{"line":4,"column":0},"end":{"line":4,"column":73}},"4":{"start":{"line":7,"column":7},"end":{"line":40,"column":null}},"5":{"start":{"line":7,"column":13},"end":{"line":7,"column":21}},"6":{"start":{"line":9,"column":4},"end":{"line":9,"column":null}},"7":{"start":{"line":13,"column":4},"end":{"line":13,"column":null}},"8":{"start":{"line":11,"column":21},"end":{"line":11,"column":25}},"9":{"start":{"line":11,"column":35},"end":{"line":11,"column":42}},"10":{"start":{"line":17,"column":4},"end":{"line":17,"column":null}},"11":{"start":{"line":15,"column":21},"end":{"line":15,"column":25}},"12":{"start":{"line":15,"column":35},"end":{"line":15,"column":42}},"13":{"start":{"line":20,"column":4},"end":{"line":20,"column":null}},"14":{"start":{"line":23,"column":4},"end":{"line":23,"column":null}},"15":{"start":{"line":26,"column":4},"end":{"line":26,"column":null}},"16":{"start":{"line":33,"column":4},"end":{"line":33,"column":null}},"17":{"start":{"line":36,"column":4},"end":{"line":36,"column":null}},"18":{"start":{"line":35,"column":29},"end":{"line":35,"column":48}},"19":{"start":{"line":39,"column":4},"end":{"line":39,"column":null}},"20":{"start":{"line":7,"column":13},"end":{"line":40,"column":null}}},"fnMap":{"0":{"name":"(anonymous_2)","decl":{"start":{"line":11,"column":15},"end":{"line":11,"column":18}},"loc":{"start":{"line":11,"column":21},"end":{"line":11,"column":25}}},"1":{"name":"(anonymous_3)","decl":{"start":{"line":11,"column":27},"end":{"line":11,"column":31}},"loc":{"start":{"line":11,"column":35},"end":{"line":11,"column":42}}},"2":{"name":"(anonymous_4)","decl":{"start":{"line":15,"column":15},"end":{"line":15,"column":18}},"loc":{"start":{"line":15,"column":21},"end":{"line":15,"column":25}}},"3":{"name":"(anonymous_5)","decl":{"start":{"line":15,"column":27},"end":{"line":15,"column":31}},"loc":{"start":{"line":15,"column":35},"end":{"line":15,"column":42}}},"4":{"name":"(anonymous_6)","decl":{"start":{"line":35,"column":23},"end":{"line":35,"column":26}},"loc":{"start":{"line":35,"column":29},"end":{"line":35,"column":48}}}},"branchMap":{},"s":{"0":2,"1":2,"2":2,"3":2,"4":2,"5":2,"6":2,"7":2,"8":0,"9":0,"10":2,"11":0,"12":0,"13":2,"14":2,"15":2,"16":2,"17":2,"18":0,"19":2,"20":2},"f":{"0":0,"1":0,"2":0,"3":0,"4":0},"b":{}}
,"/home/weslley/Documents/integrative-project-backend/src/infra/typeorm/entities/user.ts": {"path":"/home/weslley/Documents/integrative-project-backend/src/infra/typeorm/entities/user.ts","statementMap":{"0":{"start":{"line":1,"column":0},"end":{"line":1,"column":65}},"1":{"start":{"line":2,"column":0},"end":{"line":2,"column":61}},"2":{"start":{"line":5,"column":7},"end":{"line":27,"column":null}},"3":{"start":{"line":5,"column":13},"end":{"line":5,"column":17}},"4":{"start":{"line":7,"column":4},"end":{"line":7,"column":null}},"5":{"start":{"line":10,"column":4},"end":{"line":10,"column":null}},"6":{"start":{"line":13,"column":4},"end":{"line":13,"column":null}},"7":{"start":{"line":16,"column":4},"end":{"line":16,"column":null}},"8":{"start":{"line":23,"column":4},"end":{"line":23,"column":null}},"9":{"start":{"line":26,"column":4},"end":{"line":26,"column":null}},"10":{"start":{"line":25,"column":29},"end":{"line":25,"column":48}},"11":{"start":{"line":5,"column":13},"end":{"line":27,"column":null}}},"fnMap":{"0":{"name":"(anonymous_2)","decl":{"start":{"line":25,"column":23},"end":{"line":25,"column":26}},"loc":{"start":{"line":25,"column":29},"end":{"line":25,"column":48}}}},"branchMap":{},"s":{"0":4,"1":4,"2":4,"3":4,"4":4,"5":4,"6":4,"7":4,"8":4,"9":4,"10":0,"11":4},"f":{"0":0},"b":{}}
,"/home/weslley/Documents/integrative-project-backend/src/infra/typeorm/repositories/roomRepository.ts": {"path":"/home/weslley/Documents/integrative-project-backend/src/infra/typeorm/repositories/roomRepository.ts","statementMap":{"0":{"start":{"line":1,"column":0},"end":{"line":1,"column":53}},"1":{"start":{"line":2,"column":0},"end":{"line":2,"column":40}},"2":{"start":{"line":4,"column":13},"end":{"line":4,"column":null}}},"fnMap":{},"branchMap":{},"s":{"0":1,"1":1,"2":1},"f":{},"b":{}}
,"/home/weslley/Documents/integrative-project-backend/src/infra/typeorm/repositories/scheduleRepository.ts": {"path":"/home/weslley/Documents/integrative-project-backend/src/infra/typeorm/repositories/scheduleRepository.ts","statementMap":{"0":{"start":{"line":1,"column":0},"end":{"line":1,"column":53}},"1":{"start":{"line":2,"column":0},"end":{"line":2,"column":48}},"2":{"start":{"line":4,"column":13},"end":{"line":4,"column":null}}},"fnMap":{},"branchMap":{},"s":{"0":1,"1":1,"2":1},"f":{},"b":{}}
,"/home/weslley/Documents/integrative-project-backend/src/infra/typeorm/repositories/userRepository.ts": {"path":"/home/weslley/Documents/integrative-project-backend/src/infra/typeorm/repositories/userRepository.ts","statementMap":{"0":{"start":{"line":1,"column":0},"end":{"line":1,"column":53}},"1":{"start":{"line":2,"column":0},"end":{"line":2,"column":40}},"2":{"start":{"line":4,"column":13},"end":{"line":4,"column":null}}},"fnMap":{},"branchMap":{},"s":{"0":1,"1":1,"2":1},"f":{},"b":{}}
,"/home/weslley/Documents/integrative-project-backend/src/middleware/AuthMiddleware.ts": {"path":"/home/weslley/Documents/integrative-project-backend/src/middleware/AuthMiddleware.ts","statementMap":{"0":{"start":{"line":2,"column":0},"end":{"line":2,"column":31}},"1":{"start":{"line":3,"column":0},"end":{"line":3,"column":78}},"2":{"start":{"line":4,"column":0},"end":{"line":4,"column":61}},"3":{"start":{"line":15,"column":2},"end":{"line":46,"column":3}},"4":{"start":{"line":16,"column":30},"end":{"line":16,"column":41}},"5":{"start":{"line":18,"column":4},"end":{"line":34,"column":5}},"6":{"start":{"line":19,"column":20},"end":{"line":19,"column":47}},"7":{"start":{"line":21,"column":21},"end":{"line":21,"column":80}},"8":{"start":{"line":23,"column":19},"end":{"line":23,"column":57}},"9":{"start":{"line":25,"column":6},"end":{"line":27,"column":7}},"10":{"start":{"line":26,"column":8},"end":{"line":26,"column":54}},"11":{"start":{"line":29,"column":45},"end":{"line":29,"column":49}},"12":{"start":{"line":29,"column":40},"end":{"line":29,"column":45}},"13":{"start":{"line":31,"column":6},"end":{"line":31,"column":28}},"14":{"start":{"line":33,"column":6},"end":{"line":33,"column":56}},"15":{"start":{"line":36,"column":4},"end":{"line":36,"column":11}},"16":{"start":{"line":39,"column":4},"end":{"line":45,"column":5}},"17":{"start":{"line":40,"column":6},"end":{"line":40,"column":null}},"18":{"start":{"line":42,"column":6},"end":{"line":44,"column":74}},"19":{"start":{"line":10,"column":0},"end":{"line":10,"column":22}}},"fnMap":{"0":{"name":"AuthMiddleware","decl":{"start":{"line":10,"column":22},"end":{"line":10,"column":36}},"loc":{"start":{"line":13,"column":20},"end":{"line":47,"column":null}}}},"branchMap":{"0":{"loc":{"start":{"line":18,"column":4},"end":{"line":34,"column":5}},"type":"if","locations":[{"start":{"line":18,"column":4},"end":{"line":34,"column":5}},{"start":{"line":32,"column":11},"end":{"line":34,"column":5}}]},"1":{"loc":{"start":{"line":21,"column":39},"end":{"line":21,"column":65}},"type":"cond-expr","locations":[{"start":{"line":21,"column":59},"end":{"line":21,"column":63}},{"start":{"line":21,"column":63},"end":{"line":21,"column":65}}]},"2":{"loc":{"start":{"line":21,"column":39},"end":{"line":21,"column":63}},"type":"binary-expr","locations":[{"start":{"line":21,"column":39},"end":{"line":21,"column":63}},{"start":{"line":21,"column":59},"end":{"line":21,"column":63}}]},"3":{"loc":{"start":{"line":25,"column":6},"end":{"line":27,"column":7}},"type":"if","locations":[{"start":{"line":25,"column":6},"end":{"line":27,"column":7}}]},"4":{"loc":{"start":{"line":39,"column":4},"end":{"line":45,"column":5}},"type":"if","locations":[{"start":{"line":39,"column":4},"end":{"line":45,"column":5}},{"start":{"line":41,"column":11},"end":{"line":45,"column":5}}]}},"s":{"0":0,"1":0,"2":0,"3":0,"4":0,"5":0,"6":0,"7":0,"8":0,"9":0,"10":0,"11":0,"12":0,"13":0,"14":0,"15":0,"16":0,"17":0,"18":0,"19":0},"f":{"0":0},"b":{"0":[0,0],"1":[0,0],"2":[0,0],"3":[0],"4":[0,0]}}
,"/home/weslley/Documents/integrative-project-backend/src/presentation/controller/roomController.ts": {"path":"/home/weslley/Documents/integrative-project-backend/src/presentation/controller/roomController.ts","statementMap":{"0":{"start":{"line":2,"column":0},"end":{"line":2,"column":81}},"1":{"start":{"line":6,"column":8},"end":{"line":11,"column":9}},"2":{"start":{"line":7,"column":26},"end":{"line":7,"column":53}},"3":{"start":{"line":8,"column":12},"end":{"line":8,"column":47}},"4":{"start":{"line":10,"column":12},"end":{"line":10,"column":76}},"5":{"start":{"line":15,"column":8},"end":{"line":26,"column":9}},"6":{"start":{"line":16,"column":27},"end":{"line":16,"column":37}},"7":{"start":{"line":17,"column":25},"end":{"line":17,"column":72}},"8":{"start":{"line":19,"column":12},"end":{"line":21,"column":13}},"9":{"start":{"line":20,"column":16},"end":{"line":20,"column":79}},"10":{"start":{"line":23,"column":12},"end":{"line":23,"column":46}},"11":{"start":{"line":25,"column":12},"end":{"line":25,"column":75}},"12":{"start":{"line":30,"column":8},"end":{"line":44,"column":9}},"13":{"start":{"line":31,"column":39},"end":{"line":31,"column":47}},"14":{"start":{"line":32,"column":33},"end":{"line":32,"column":82}},"15":{"start":{"line":34,"column":12},"end":{"line":36,"column":13}},"16":{"start":{"line":35,"column":16},"end":{"line":35,"column":99}},"17":{"start":{"line":38,"column":25},"end":{"line":38,"column":66}},"18":{"start":{"line":39,"column":31},"end":{"line":39,"column":62}},"19":{"start":{"line":41,"column":12},"end":{"line":41,"column":52}},"20":{"start":{"line":43,"column":12},"end":{"line":43,"column":74}},"21":{"start":{"line":48,"column":8},"end":{"line":60,"column":9}},"22":{"start":{"line":49,"column":27},"end":{"line":49,"column":37}},"23":{"start":{"line":50,"column":25},"end":{"line":50,"column":72}},"24":{"start":{"line":52,"column":12},"end":{"line":54,"column":13}},"25":{"start":{"line":53,"column":16},"end":{"line":53,"column":79}},"26":{"start":{"line":56,"column":12},"end":{"line":56,"column":46}},"27":{"start":{"line":57,"column":12},"end":{"line":57,"column":83}},"28":{"start":{"line":59,"column":12},"end":{"line":59,"column":87}},"29":{"start":{"line":4,"column":0},"end":{"line":4,"column":13}}},"fnMap":{"0":{"name":"(anonymous_7)","decl":{"start":{"line":5,"column":10},"end":{"line":5,"column":17}},"loc":{"start":{"line":5,"column":45},"end":{"line":12,"column":null}}},"1":{"name":"(anonymous_9)","decl":{"start":{"line":14,"column":10},"end":{"line":14,"column":18}},"loc":{"start":{"line":14,"column":46},"end":{"line":27,"column":null}}},"2":{"name":"(anonymous_11)","decl":{"start":{"line":29,"column":10},"end":{"line":29,"column":16}},"loc":{"start":{"line":29,"column":44},"end":{"line":45,"column":null}}},"3":{"name":"(anonymous_13)","decl":{"start":{"line":47,"column":10},"end":{"line":47,"column":20}},"loc":{"start":{"line":47,"column":48},"end":{"line":61,"column":null}}}},"branchMap":{"0":{"loc":{"start":{"line":19,"column":12},"end":{"line":21,"column":13}},"type":"if","locations":[{"start":{"line":19,"column":12},"end":{"line":21,"column":13}}]},"1":{"loc":{"start":{"line":34,"column":12},"end":{"line":36,"column":13}},"type":"if","locations":[{"start":{"line":34,"column":12},"end":{"line":36,"column":13}}]},"2":{"loc":{"start":{"line":52,"column":12},"end":{"line":54,"column":13}},"type":"if","locations":[{"start":{"line":52,"column":12},"end":{"line":54,"column":13}}]}},"s":{"0":1,"1":2,"2":2,"3":1,"4":1,"5":3,"6":3,"7":3,"8":2,"9":1,"10":1,"11":1,"12":0,"13":0,"14":0,"15":0,"16":0,"17":0,"18":0,"19":0,"20":0,"21":0,"22":0,"23":0,"24":0,"25":0,"26":0,"27":0,"28":0,"29":1},"f":{"0":2,"1":3,"2":0,"3":0},"b":{"0":[1],"1":[0],"2":[0]}}
,"/home/weslley/Documents/integrative-project-backend/src/presentation/controller/scheduleController.ts": {"path":"/home/weslley/Documents/integrative-project-backend/src/presentation/controller/scheduleController.ts","statementMap":{"0":{"start":{"line":1,"column":0},"end":{"line":1,"column":89}},"1":{"start":{"line":3,"column":0},"end":{"line":3,"column":59}},"2":{"start":{"line":7,"column":8},"end":{"line":33,"column":9}},"3":{"start":{"line":8,"column":61},"end":{"line":8,"column":70}},"4":{"start":{"line":10,"column":29},"end":{"line":10,"column":64}},"5":{"start":{"line":12,"column":12},"end":{"line":14,"column":13}},"6":{"start":{"line":13,"column":16},"end":{"line":13,"column":null}},"7":{"start":{"line":16,"column":12},"end":{"line":18,"column":13}},"8":{"start":{"line":17,"column":16},"end":{"line":17,"column":null}},"9":{"start":{"line":20,"column":12},"end":{"line":26,"column":13}},"10":{"start":{"line":21,"column":16},"end":{"line":25,"column":null}},"11":{"start":{"line":28,"column":30},"end":{"line":28,"column":66}},"12":{"start":{"line":30,"column":12},"end":{"line":30,"column":null}},"13":{"start":{"line":32,"column":12},"end":{"line":32,"column":83}},"14":{"start":{"line":37,"column":8},"end":{"line":48,"column":9}},"15":{"start":{"line":38,"column":27},"end":{"line":38,"column":37}},"16":{"start":{"line":39,"column":29},"end":{"line":39,"column":80}},"17":{"start":{"line":41,"column":12},"end":{"line":43,"column":13}},"18":{"start":{"line":42,"column":16},"end":{"line":42,"column":86}},"19":{"start":{"line":45,"column":12},"end":{"line":45,"column":50}},"20":{"start":{"line":47,"column":12},"end":{"line":47,"column":82}},"21":{"start":{"line":52,"column":8},"end":{"line":68,"column":9}},"22":{"start":{"line":53,"column":96},"end":{"line":53,"column":104}},"23":{"start":{"line":55,"column":29},"end":{"line":62,"column":14}},"24":{"start":{"line":64,"column":33},"end":{"line":64,"column":72}},"25":{"start":{"line":65,"column":12},"end":{"line":65,"column":null}},"26":{"start":{"line":67,"column":12},"end":{"line":67,"column":null}},"27":{"start":{"line":72,"column":8},"end":{"line":84,"column":9}},"28":{"start":{"line":73,"column":27},"end":{"line":73,"column":37}},"29":{"start":{"line":74,"column":29},"end":{"line":74,"column":80}},"30":{"start":{"line":76,"column":12},"end":{"line":78,"column":13}},"31":{"start":{"line":77,"column":16},"end":{"line":77,"column":86}},"32":{"start":{"line":80,"column":12},"end":{"line":80,"column":54}},"33":{"start":{"line":81,"column":12},"end":{"line":81,"column":90}},"34":{"start":{"line":83,"column":12},"end":{"line":83,"column":87}},"35":{"start":{"line":88,"column":8},"end":{"line":108,"column":9}},"36":{"start":{"line":89,"column":27},"end":{"line":89,"column":37}},"37":{"start":{"line":90,"column":96},"end":{"line":90,"column":104}},"38":{"start":{"line":92,"column":35},"end":{"line":99,"column":14}},"39":{"start":{"line":101,"column":12},"end":{"line":103,"column":13}},"40":{"start":{"line":102,"column":16},"end":{"line":102,"column":null}},"41":{"start":{"line":105,"column":12},"end":{"line":105,"column":null}},"42":{"start":{"line":107,"column":12},"end":{"line":107,"column":null}},"43":{"start":{"line":5,"column":0},"end":{"line":5,"column":13}}},"fnMap":{"0":{"name":"(anonymous_7)","decl":{"start":{"line":6,"column":10},"end":{"line":6,"column":17}},"loc":{"start":{"line":6,"column":45},"end":{"line":34,"column":null}}},"1":{"name":"(anonymous_9)","decl":{"start":{"line":36,"column":10},"end":{"line":36,"column":18}},"loc":{"start":{"line":36,"column":46},"end":{"line":49,"column":null}}},"2":{"name":"(anonymous_11)","decl":{"start":{"line":51,"column":10},"end":{"line":51,"column":16}},"loc":{"start":{"line":51,"column":44},"end":{"line":69,"column":null}}},"3":{"name":"(anonymous_13)","decl":{"start":{"line":71,"column":10},"end":{"line":71,"column":20}},"loc":{"start":{"line":71,"column":48},"end":{"line":85,"column":null}}},"4":{"name":"(anonymous_15)","decl":{"start":{"line":87,"column":10},"end":{"line":87,"column":16}},"loc":{"start":{"line":87,"column":44},"end":{"line":109,"column":null}}}},"branchMap":{"0":{"loc":{"start":{"line":12,"column":12},"end":{"line":14,"column":13}},"type":"if","locations":[{"start":{"line":12,"column":12},"end":{"line":14,"column":13}}]},"1":{"loc":{"start":{"line":16,"column":12},"end":{"line":18,"column":13}},"type":"if","locations":[{"start":{"line":16,"column":12},"end":{"line":18,"column":13}}]},"2":{"loc":{"start":{"line":20,"column":12},"end":{"line":26,"column":13}},"type":"if","locations":[{"start":{"line":20,"column":12},"end":{"line":26,"column":13}}]},"3":{"loc":{"start":{"line":20,"column":16},"end":{"line":20,"column":40}},"type":"binary-expr","locations":[{"start":{"line":20,"column":16},"end":{"line":20,"column":27}},{"start":{"line":20,"column":31},"end":{"line":20,"column":40}}]},"4":{"loc":{"start":{"line":41,"column":12},"end":{"line":43,"column":13}},"type":"if","locations":[{"start":{"line":41,"column":12},"end":{"line":43,"column":13}}]},"5":{"loc":{"start":{"line":76,"column":12},"end":{"line":78,"column":13}},"type":"if","locations":[{"start":{"line":76,"column":12},"end":{"line":78,"column":13}}]},"6":{"loc":{"start":{"line":101,"column":12},"end":{"line":103,"column":13}},"type":"if","locations":[{"start":{"line":101,"column":12},"end":{"line":103,"column":13}}]}},"s":{"0":1,"1":1,"2":2,"3":2,"4":2,"5":2,"6":0,"7":2,"8":0,"9":2,"10":0,"11":2,"12":1,"13":1,"14":2,"15":2,"16":2,"17":2,"18":1,"19":1,"20":0,"21":1,"22":1,"23":1,"24":1,"25":1,"26":0,"27":2,"28":2,"29":2,"30":2,"31":1,"32":1,"33":1,"34":0,"35":0,"36":0,"37":0,"38":0,"39":0,"40":0,"41":0,"42":0,"43":1},"f":{"0":2,"1":2,"2":1,"3":2,"4":0},"b":{"0":[0],"1":[0],"2":[0],"3":[2,0],"4":[1],"5":[1],"6":[0]}}
,"/home/weslley/Documents/integrative-project-backend/src/presentation/controller/userController.ts": {"path":"/home/weslley/Documents/integrative-project-backend/src/presentation/controller/userController.ts","statementMap":{"0":{"start":{"line":2,"column":0},"end":{"line":2,"column":81}},"1":{"start":{"line":3,"column":0},"end":{"line":3,"column":31}},"2":{"start":{"line":7,"column":8},"end":{"line":12,"column":9}},"3":{"start":{"line":8,"column":26},"end":{"line":8,"column":53}},"4":{"start":{"line":9,"column":12},"end":{"line":9,"column":47}},"5":{"start":{"line":11,"column":12},"end":{"line":11,"column":68}},"6":{"start":{"line":16,"column":8},"end":{"line":34,"column":9}},"7":{"start":{"line":17,"column":40},"end":{"line":17,"column":48}},"8":{"start":{"line":18,"column":25},"end":{"line":18,"column":75}},"9":{"start":{"line":20,"column":12},"end":{"line":22,"column":13}},"10":{"start":{"line":21,"column":16},"end":{"line":21,"column":87}},"11":{"start":{"line":24,"column":12},"end":{"line":26,"column":13}},"12":{"start":{"line":25,"column":16},"end":{"line":25,"column":87}},"13":{"start":{"line":28,"column":26},"end":{"line":28,"column":105}},"14":{"start":{"line":30,"column":12},"end":{"line":30,"column":57}},"15":{"start":{"line":32,"column":12},"end":{"line":32,"column":60}},"16":{"start":{"line":33,"column":12},"end":{"line":33,"column":67}},"17":{"start":{"line":38,"column":8},"end":{"line":51,"column":9}},"18":{"start":{"line":39,"column":30},"end":{"line":39,"column":38}},"19":{"start":{"line":40,"column":33},"end":{"line":40,"column":83}},"20":{"start":{"line":42,"column":12},"end":{"line":44,"column":13}},"21":{"start":{"line":43,"column":16},"end":{"line":43,"column":92}},"22":{"start":{"line":46,"column":28},"end":{"line":46,"column":59}},"23":{"start":{"line":47,"column":30},"end":{"line":47,"column":64}},"24":{"start":{"line":48,"column":12},"end":{"line":48,"column":51}},"25":{"start":{"line":50,"column":12},"end":{"line":50,"column":66}},"26":{"start":{"line":5,"column":0},"end":{"line":5,"column":13}}},"fnMap":{"0":{"name":"(anonymous_8)","decl":{"start":{"line":6,"column":10},"end":{"line":6,"column":17}},"loc":{"start":{"line":6,"column":45},"end":{"line":13,"column":null}}},"1":{"name":"(anonymous_10)","decl":{"start":{"line":15,"column":10},"end":{"line":15,"column":15}},"loc":{"start":{"line":15,"column":43},"end":{"line":35,"column":null}}},"2":{"name":"(anonymous_12)","decl":{"start":{"line":37,"column":10},"end":{"line":37,"column":16}},"loc":{"start":{"line":37,"column":44},"end":{"line":52,"column":null}}}},"branchMap":{"0":{"loc":{"start":{"line":20,"column":12},"end":{"line":22,"column":13}},"type":"if","locations":[{"start":{"line":20,"column":12},"end":{"line":22,"column":13}}]},"1":{"loc":{"start":{"line":24,"column":12},"end":{"line":26,"column":13}},"type":"if","locations":[{"start":{"line":24,"column":12},"end":{"line":26,"column":13}}]},"2":{"loc":{"start":{"line":42,"column":12},"end":{"line":44,"column":13}},"type":"if","locations":[{"start":{"line":42,"column":12},"end":{"line":44,"column":13}}]}},"s":{"0":1,"1":1,"2":1,"3":1,"4":0,"5":1,"6":2,"7":2,"8":2,"9":2,"10":0,"11":2,"12":1,"13":1,"14":1,"15":0,"16":0,"17":2,"18":2,"19":2,"20":2,"21":1,"22":1,"23":1,"24":1,"25":0,"26":1},"f":{"0":1,"1":2,"2":2},"b":{"0":[0],"1":[1],"2":[1]}}
}
