TN:
SF:src/data-source.ts
FNF:0
FNH:0
DA:1,3
DA:2,3
DA:3,3
DA:5,3
DA:7,3
LF:5
LH:5
BRF:0
BRH:0
end_of_record
TN:
SF:src/index.ts
FN:7,(anonymous_1)
FNF:1
FNH:0
FNDA:0,(anonymous_1)
DA:1,0
DA:2,0
DA:3,0
DA:5,0
DA:7,0
DA:8,0
DA:9,0
DA:10,0
DA:11,0
DA:13,0
LF:10
LH:0
BRF:0
BRH:0
end_of_record
TN:
SF:src/routes.ts
FNF:0
FNH:0
DA:1,0
DA:2,0
DA:3,0
DA:4,0
DA:5,0
DA:8,0
DA:10,0
DA:13,0
DA:16,0
DA:18,0
DA:21,0
DA:25,0
DA:29,0
DA:33,0
LF:14
LH:0
BRF:0
BRH:0
end_of_record
TN:
SF:src/domain/enum/scheduleStatus.ts
FN:1,(anonymous_0)
FNF:1
FNH:1
FNDA:2,(anonymous_0)
DA:1,2
DA:2,2
DA:3,2
DA:4,2
DA:5,2
LF:5
LH:5
BRDA:1,0,0,2
BRDA:1,0,1,2
BRF:2
BRH:2
end_of_record
TN:
SF:src/domain/enum/userType.ts
FN:1,(anonymous_0)
FNF:1
FNH:1
FNDA:4,(anonymous_0)
DA:1,4
DA:2,4
DA:3,4
LF:3
LH:3
BRDA:1,0,0,4
BRDA:1,0,1,4
BRF:2
BRH:2
end_of_record
TN:
SF:src/helper/request-errors.ts
FN:4,(anonymous_0)
FN:11,(anonymous_1)
FN:17,(anonymous_2)
FN:23,(anonymous_3)
FNF:4
FNH:0
FNDA:0,(anonymous_0)
FNDA:0,(anonymous_1)
FNDA:0,(anonymous_2)
FNDA:0,(anonymous_3)
DA:1,0
DA:5,0
DA:6,0
DA:10,0
DA:12,0
DA:16,0
DA:18,0
DA:22,0
DA:24,0
LF:9
LH:0
BRF:0
BRH:0
end_of_record
TN:
SF:src/infra/typeorm/entities/room.ts
FN:14,(anonymous_2)
FNF:1
FNH:0
FNDA:0,(anonymous_2)
DA:1,4
DA:4,4
DA:6,4
DA:9,4
DA:12,4
DA:14,0
DA:15,4
LF:7
LH:6
BRF:0
BRH:0
end_of_record
TN:
SF:src/infra/typeorm/entities/schedule.ts
FN:11,(anonymous_2)
FN:11,(anonymous_3)
FN:15,(anonymous_4)
FN:15,(anonymous_5)
FN:35,(anonymous_6)
FNF:5
FNH:0
FNDA:0,(anonymous_2)
FNDA:0,(anonymous_3)
FNDA:0,(anonymous_4)
FNDA:0,(anonymous_5)
FNDA:0,(anonymous_6)
DA:1,2
DA:2,2
DA:3,2
DA:4,2
DA:7,2
DA:9,2
DA:11,0
DA:13,2
DA:15,0
DA:17,2
DA:20,2
DA:23,2
DA:26,2
DA:33,2
DA:35,0
DA:36,2
DA:39,2
LF:17
LH:14
BRF:0
BRH:0
end_of_record
TN:
SF:src/infra/typeorm/entities/user.ts
FN:25,(anonymous_2)
FNF:1
FNH:0
FNDA:0,(anonymous_2)
DA:1,4
DA:2,4
DA:5,4
DA:7,4
DA:10,4
DA:13,4
DA:16,4
DA:23,4
DA:25,0
DA:26,4
LF:10
LH:9
BRF:0
BRH:0
end_of_record
TN:
SF:src/infra/typeorm/repositories/roomRepository.ts
FNF:0
FNH:0
DA:1,1
DA:2,1
DA:4,1
LF:3
LH:3
BRF:0
BRH:0
end_of_record
TN:
SF:src/infra/typeorm/repositories/scheduleRepository.ts
FNF:0
FNH:0
DA:1,1
DA:2,1
DA:4,1
LF:3
LH:3
BRF:0
BRH:0
end_of_record
TN:
SF:src/infra/typeorm/repositories/userRepository.ts
FNF:0
FNH:0
DA:1,1
DA:2,1
DA:4,1
LF:3
LH:3
BRF:0
BRH:0
end_of_record
TN:
SF:src/middleware/AuthMiddleware.ts
FN:10,AuthMiddleware
FNF:1
FNH:0
FNDA:0,AuthMiddleware
DA:2,0
DA:3,0
DA:4,0
DA:10,0
DA:15,0
DA:16,0
DA:18,0
DA:19,0
DA:21,0
DA:23,0
DA:25,0
DA:26,0
DA:29,0
DA:31,0
DA:33,0
DA:36,0
DA:39,0
DA:40,0
DA:42,0
LF:19
LH:0
BRDA:18,0,0,0
BRDA:18,0,1,0
BRDA:21,1,0,0
BRDA:21,1,1,0
BRDA:21,2,0,0
BRDA:21,2,1,0
BRDA:25,3,0,0
BRDA:39,4,0,0
BRDA:39,4,1,0
BRF:9
BRH:0
end_of_record
TN:
SF:src/presentation/controller/roomController.ts
FN:5,(anonymous_7)
FN:14,(anonymous_9)
FN:29,(anonymous_11)
FN:47,(anonymous_13)
FNF:4
FNH:2
FNDA:2,(anonymous_7)
FNDA:3,(anonymous_9)
FNDA:0,(anonymous_11)
FNDA:0,(anonymous_13)
DA:2,1
DA:4,1
DA:6,2
DA:7,2
DA:8,1
DA:10,1
DA:15,3
DA:16,3
DA:17,3
DA:19,2
DA:20,1
DA:23,1
DA:25,1
DA:30,0
DA:31,0
DA:32,0
DA:34,0
DA:35,0
DA:38,0
DA:39,0
DA:41,0
DA:43,0
DA:48,0
DA:49,0
DA:50,0
DA:52,0
DA:53,0
DA:56,0
DA:57,0
DA:59,0
LF:30
LH:13
BRDA:19,0,0,1
BRDA:34,1,0,0
BRDA:52,2,0,0
BRF:3
BRH:1
end_of_record
TN:
SF:src/presentation/controller/scheduleController.ts
FN:6,(anonymous_7)
FN:36,(anonymous_9)
FN:51,(anonymous_11)
FN:71,(anonymous_13)
FN:87,(anonymous_15)
FNF:5
FNH:4
FNDA:2,(anonymous_7)
FNDA:2,(anonymous_9)
FNDA:1,(anonymous_11)
FNDA:2,(anonymous_13)
FNDA:0,(anonymous_15)
DA:1,1
DA:3,1
DA:5,1
DA:7,2
DA:8,2
DA:10,2
DA:12,2
DA:13,0
DA:16,2
DA:17,0
DA:20,2
DA:21,0
DA:28,2
DA:30,1
DA:32,1
DA:37,2
DA:38,2
DA:39,2
DA:41,2
DA:42,1
DA:45,1
DA:47,0
DA:52,1
DA:53,1
DA:55,1
DA:64,1
DA:65,1
DA:67,0
DA:72,2
DA:73,2
DA:74,2
DA:76,2
DA:77,1
DA:80,1
DA:81,1
DA:83,0
DA:88,0
DA:89,0
DA:90,0
DA:92,0
DA:101,0
DA:102,0
DA:105,0
DA:107,0
LF:44
LH:30
BRDA:12,0,0,0
BRDA:16,1,0,0
BRDA:20,2,0,0
BRDA:20,3,0,2
BRDA:20,3,1,0
BRDA:41,4,0,1
BRDA:76,5,0,1
BRDA:101,6,0,0
BRF:8
BRH:3
end_of_record
TN:
SF:src/presentation/controller/userController.ts
FN:6,(anonymous_8)
FN:15,(anonymous_10)
FN:37,(anonymous_12)
FNF:3
FNH:3
FNDA:1,(anonymous_8)
FNDA:2,(anonymous_10)
FNDA:2,(anonymous_12)
DA:2,1
DA:3,1
DA:5,1
DA:7,1
DA:8,1
DA:9,0
DA:11,1
DA:16,2
DA:17,2
DA:18,2
DA:20,2
DA:21,0
DA:24,2
DA:25,1
DA:28,1
DA:30,1
DA:32,0
DA:33,0
DA:38,2
DA:39,2
DA:40,2
DA:42,2
DA:43,1
DA:46,1
DA:47,1
DA:48,1
DA:50,0
LF:27
LH:22
BRDA:20,0,0,0
BRDA:24,1,0,1
BRDA:42,2,0,1
BRF:3
BRH:2
end_of_record
